<?xml version="1.0" encoding="UTF-8"?>
<testng-results ignored="0" total="1" passed="1" failed="0" skipped="0">
  <reporter-output>
  </reporter-output>
  <suite started-at="2026-07-15T14:34:40 IST" name="Suite" finished-at="2026-07-15T14:40:00 IST" duration-ms="320572">
    <groups>
    </groups>
    <test started-at="2026-07-15T14:34:40 IST" name="TestNG" finished-at="2026-07-15T14:40:00 IST" duration-ms="320572">
      <class name="cricBuzTest.playersDetailsTest">
        <test-method is-config="true" signature="bc()[pri:0, instance:cricBuzTest.playersDetailsTest@41709512]" started-at="2026-07-15T14:34:40 IST" name="bc" finished-at="2026-07-15T14:39:13 IST" duration-ms="272875" status="PASS">
          <reporter-output>
          </reporter-output>
        </test-method> <!-- bc -->
        <test-method is-config="true" signature="bm()[pri:0, instance:cricBuzTest.playersDetailsTest@41709512]" started-at="2026-07-15T14:39:13 IST" name="bm" finished-at="2026-07-15T14:39:14 IST" duration-ms="1720" status="PASS">
          <reporter-output>
          </reporter-output>
        </test-method> <!-- bm -->
        <test-method signature="playersTest()[pri:0, instance:cricBuzTest.playersDetailsTest@41709512]" started-at="2026-07-15T14:39:14 IST" name="playersTest" finished-at="2026-07-15T14:39:57 IST" duration-ms="43042" status="PASS">
          <reporter-output>
          </reporter-output>
        </test-method> <!-- playersTest -->
        <test-method is-config="true" signature="ac()[pri:0, instance:cricBuzTest.playersDetailsTest@41709512]" started-at="2026-07-15T14:39:57 IST" name="ac" finished-at="2026-07-15T14:40:00 IST" duration-ms="2855" status="PASS">
          <reporter-output>
          </reporter-output>
        </test-method> <!-- ac -->
      </class> <!-- cricBuzTest.playersDetailsTest -->
    </test> <!-- TestNG -->
  </suite> <!-- Suite -->
</testng-results>
